<?xml version="1.0" encoding="UTF-8"?>
<!-- Generated by org.testng.reporters.JUnitXMLReporter -->
<testsuite hostname="DESKTOP-ATHBLI3" ignored="6" name="TekArch Employee API Testing" tests="5" failures="1" timestamp="2021-03-14T01:02:30 PST" time="13.683" errors="0">
  <testcase name="TC_003_addData" time="0.36" classname="src.test.java.employee_api.employee_test.CreateEmployeeData"/>
  <testcase name="TC_003_addData" time="0.247" classname="src.test.java.employee_api.employee_test.CreateEmployeeData"/>
  <testcase name="TC_005_deleteData" time="4.669" classname="src.test.java.employee_api.employee_test.DeleteEmployeeData">
    <failure type="java.lang.AssertionError" message="
Expected: a value equal to &amp;lt;200&amp;gt;
     but: &amp;lt;500&amp;gt; was greater than &amp;lt;200&amp;gt;">
      <![CDATA[java.lang.AssertionError: 
Expected: a value equal to <200>
     but: <500> was greater than <200>
at org.hamcrest.MatcherAssert.assertThat(MatcherAssert.java:20)
at org.hamcrest.MatcherAssert.assertThat(MatcherAssert.java:8)
at src.test.java.employee_api.employee_test.DeleteEmployeeData.TC_005_deleteData(DeleteEmployeeData.java:34)
at java.util.ArrayList.forEach(ArrayList.java:1259)
at com.intellij.rt.testng.IDEARemoteTestNG.run(IDEARemoteTestNG.java:66)
at com.intellij.rt.testng.RemoteTestNGStarter.main(RemoteTestNGStarter.java:109)
... Removed 24 stack frames]]>
    </failure>
  </testcase> <!-- TC_005_deleteData -->
  <testcase name="TC_001_getData" time="1.989" classname="src.test.java.employee_api.employee_test.GetEmployeeData"/>
  <testcase name="TC_004_updateData" time="2.242" classname="src.test.java.employee_api.employee_test.UpdateEmployeeData"/>
  <testcase name="@AfterSuite shuttingDownAllDependencies" time="0.0" classname="src.main.java.utilities.TestBase">
    <ignored/>
  </testcase> <!-- @AfterSuite shuttingDownAllDependencies -->
  <testcase name="@AfterSuite shuttingDownAllDependencies" time="0.0" classname="src.main.java.utilities.TestBase">
    <ignored/>
  </testcase> <!-- @AfterSuite shuttingDownAllDependencies -->
  <testcase name="@AfterSuite shuttingDownAllDependencies" time="0.0" classname="src.main.java.utilities.TestBase">
    <ignored/>
  </testcase> <!-- @AfterSuite shuttingDownAllDependencies -->
  <testcase name="@BeforeSuite TriggerDependencies" time="0.0" classname="src.main.java.utilities.TestBase">
    <ignored/>
  </testcase> <!-- @BeforeSuite TriggerDependencies -->
  <testcase name="@BeforeSuite TriggerDependencies" time="0.0" classname="src.main.java.utilities.TestBase">
    <ignored/>
  </testcase> <!-- @BeforeSuite TriggerDependencies -->
  <testcase name="@BeforeSuite TriggerDependencies" time="0.0" classname="src.main.java.utilities.TestBase">
    <ignored/>
  </testcase> <!-- @BeforeSuite TriggerDependencies -->
</testsuite> <!-- TekArch Employee API Testing -->
